<?xml version="1.0" encoding="UTF-8"?>
<!-- Generated by org.testng.reporters.JUnitXMLReporter -->
<testsuite hostname="LAPTOP-VSB650SS" ignored="1" name="Default test" tests="6" failures="0" timestamp="23 Mar 2020 15:02:18 GMT" time="0.155" errors="0">
  <testcase name="test4" time="0.016" classname="org.in.on.Greens"/>
  <testcase name="test2" time="0.0" classname="org.in.on.Greens"/>
  <testcase name="test2" time="0.015" classname="org.in.on.Greens"/>
  <testcase name="test2" time="0.0" classname="org.in.on.Greens"/>
  <testcase name="test5" time="0.016" classname="org.in.on.Greens"/>
  <testcase name="test1" time="0.0" classname="org.in.on.Greens"/>
  <testcase name="test3" time="0.0" classname="org.in.on.Greens">
    <ignored/>
  </testcase> <!-- test3 -->
</testsuite> <!-- Default test -->
