<?xml version="1.0" encoding="UTF-8"?>
<testng-results skipped="0" failed="0" ignored="1" total="7" passed="6">
  <reporter-output>
  </reporter-output>
  <suite name="Default suite" duration-ms="155" started-at="2020-03-23T15:02:17Z" finished-at="2020-03-23T15:02:18Z">
    <groups>
    </groups>
    <test name="Default test" duration-ms="155" started-at="2020-03-23T15:02:17Z" finished-at="2020-03-23T15:02:18Z">
      <class name="org.in.on.Greens">
        <test-method status="PASS" signature="test4()[pri:-2, instance:org.in.on.Greens@69d9c55]" name="test4" duration-ms="16" started-at="2020-03-23T15:02:17Z" finished-at="2020-03-23T15:02:17Z">
          <reporter-output>
          </reporter-output>
        </test-method> <!-- test4 -->
        <test-method status="PASS" signature="test2()[pri:0, instance:org.in.on.Greens@69d9c55]" name="test2" duration-ms="0" started-at="2020-03-23T15:02:18Z" finished-at="2020-03-23T15:02:18Z">
          <reporter-output>
          </reporter-output>
        </test-method> <!-- test2 -->
        <test-method status="PASS" signature="test2()[pri:0, instance:org.in.on.Greens@69d9c55]" name="test2" duration-ms="15" started-at="2020-03-23T15:02:18Z" finished-at="2020-03-23T15:02:18Z">
          <reporter-output>
          </reporter-output>
        </test-method> <!-- test2 -->
        <test-method status="PASS" signature="test2()[pri:0, instance:org.in.on.Greens@69d9c55]" name="test2" duration-ms="0" started-at="2020-03-23T15:02:18Z" finished-at="2020-03-23T15:02:18Z">
          <reporter-output>
          </reporter-output>
        </test-method> <!-- test2 -->
        <test-method status="PASS" signature="test5()[pri:0, instance:org.in.on.Greens@69d9c55]" name="test5" duration-ms="16" started-at="2020-03-23T15:02:18Z" finished-at="2020-03-23T15:02:18Z">
          <reporter-output>
          </reporter-output>
        </test-method> <!-- test5 -->
        <test-method status="PASS" signature="test1()[pri:2, instance:org.in.on.Greens@69d9c55]" name="test1" duration-ms="0" started-at="2020-03-23T15:02:18Z" finished-at="2020-03-23T15:02:18Z">
          <reporter-output>
          </reporter-output>
        </test-method> <!-- test1 -->
      </class> <!-- org.in.on.Greens -->
    </test> <!-- Default test -->
  </suite> <!-- Default suite -->
</testng-results>
